TN:
SF:config\db.js
FNF:0
FNH:0
DA:3,4
DA:5,4
DA:12,4
LF:3
LH:3
BRDA:6,0,0,4
BRDA:6,0,1,0
BRDA:7,1,0,4
BRDA:7,1,1,0
BRDA:8,2,0,4
BRDA:8,2,1,0
BRDA:9,3,0,4
BRDA:9,3,1,0
BRF:8
BRH:4
end_of_record
TN:
SF:middlewares\auth.middleware.js
FN:9,(anonymous_0)
FN:51,(anonymous_1)
FN:62,(anonymous_2)
FNF:3
FNH:3
FNDA:4,(anonymous_0)
FNDA:2,(anonymous_1)
FNDA:2,(anonymous_2)
DA:3,1
DA:4,1
DA:6,1
DA:9,1
DA:10,4
DA:12,4
DA:14,4
DA:15,1
DA:22,3
DA:25,2
DA:26,2
DA:27,1
DA:34,1
DA:40,1
DA:42,1
DA:43,1
DA:51,1
DA:52,2
DA:53,1
DA:58,1
DA:62,1
DA:63,2
DA:64,1
DA:69,1
LF:24
LH:24
BRDA:6,0,0,1
BRDA:6,0,1,0
BRDA:14,1,0,1
BRDA:14,1,1,3
BRDA:26,2,0,1
BRDA:26,2,1,1
BRDA:52,3,0,1
BRDA:52,3,1,1
BRDA:63,4,0,1
BRDA:63,4,1,1
BRF:10
BRH:9
end_of_record
TN:
SF:models\comment.model.js
FN:6,(anonymous_0)
FN:27,(anonymous_1)
FN:45,(anonymous_2)
FNF:3
FNH:3
FNDA:2,(anonymous_0)
FNDA:2,(anonymous_1)
FNDA:3,(anonymous_2)
DA:3,1
DA:6,1
DA:7,2
DA:8,2
DA:19,1
DA:21,1
DA:22,1
DA:27,1
DA:28,2
DA:29,2
DA:31,2
DA:37,1
DA:39,1
DA:40,1
DA:45,1
DA:46,3
DA:47,3
DA:55,2
DA:57,1
DA:58,1
DA:62,1
LF:21
LH:21
BRF:0
BRH:0
end_of_record
TN:
SF:models\request.model.js
FN:6,(anonymous_0)
FN:30,(anonymous_1)
FN:60,(anonymous_2)
FN:78,(anonymous_3)
FN:129,(anonymous_4)
FN:150,(anonymous_5)
FN:170,(anonymous_6)
FN:187,(anonymous_7)
FN:204,(anonymous_8)
FNF:9
FNH:6
FNDA:0,(anonymous_0)
FNDA:0,(anonymous_1)
FNDA:1,(anonymous_2)
FNDA:2,(anonymous_3)
FNDA:2,(anonymous_4)
FNDA:0,(anonymous_5)
FNDA:2,(anonymous_6)
FNDA:1,(anonymous_7)
FNDA:1,(anonymous_8)
DA:3,1
DA:6,1
DA:7,0
DA:8,0
DA:15,0
DA:18,0
DA:19,0
DA:20,0
DA:24,0
DA:25,0
DA:30,1
DA:31,0
DA:32,0
DA:52,0
DA:54,0
DA:55,0
DA:60,1
DA:61,1
DA:62,1
DA:64,1
DA:70,1
DA:72,0
DA:73,0
DA:78,1
DA:79,2
DA:80,2
DA:91,2
DA:93,2
DA:94,1
DA:95,1
DA:98,2
DA:99,1
DA:100,1
DA:103,2
DA:104,1
DA:105,1
DA:108,2
DA:109,0
DA:110,0
DA:113,2
DA:114,0
DA:115,0
DA:118,2
DA:120,2
DA:121,2
DA:123,0
DA:124,0
DA:129,1
DA:130,2
DA:131,2
DA:142,2
DA:144,0
DA:145,0
DA:150,1
DA:151,0
DA:152,0
DA:154,0
DA:162,0
DA:164,0
DA:165,0
DA:170,1
DA:171,2
DA:172,2
DA:179,2
DA:181,0
DA:182,0
DA:187,1
DA:188,1
DA:189,1
DA:196,1
DA:198,0
DA:199,0
DA:204,1
DA:205,1
DA:206,1
DA:207,1
DA:209,0
DA:210,0
DA:214,1
LF:79
LH:44
BRDA:78,0,0,1
BRDA:93,1,0,1
BRDA:93,1,1,1
BRDA:98,2,0,1
BRDA:98,2,1,1
BRDA:103,3,0,1
BRDA:103,3,1,1
BRDA:108,4,0,0
BRDA:108,4,1,2
BRDA:113,5,0,0
BRDA:113,5,1,2
BRF:11
BRH:9
end_of_record
TN:
SF:models\user.model.js
FN:7,(anonymous_0)
FN:32,(anonymous_1)
FN:53,(anonymous_2)
FN:67,(anonymous_3)
FN:81,(anonymous_4)
FN:99,(anonymous_5)
FNF:6
FNH:3
FNDA:0,(anonymous_0)
FNDA:2,(anonymous_1)
FNDA:2,(anonymous_2)
FNDA:0,(anonymous_3)
FNDA:0,(anonymous_4)
FNDA:2,(anonymous_5)
DA:3,2
DA:4,2
DA:7,2
DA:8,0
DA:9,0
DA:24,0
DA:26,0
DA:27,0
DA:32,2
DA:33,2
DA:34,2
DA:37,2
DA:39,2
DA:45,1
DA:47,1
DA:48,1
DA:53,2
DA:54,2
DA:55,2
DA:59,2
DA:61,0
DA:62,0
DA:67,2
DA:68,0
DA:69,0
DA:73,0
DA:75,0
DA:76,0
DA:81,2
DA:82,0
DA:83,0
DA:85,0
DA:91,0
DA:93,0
DA:94,0
DA:99,2
DA:100,2
DA:103,2
LF:38
LH:20
BRF:0
BRH:0
end_of_record
